2024-10-05 22:06:01.454 [info] Added views:outline in workbench.view.explorer
2024-10-05 22:06:01.454 [info] Added views:workbench.view.search in workbench.view.search
2024-10-05 22:06:01.454 [info] Added views:workbench.scm in workbench.view.scm
2024-10-05 22:06:01.454 [info] Added views:workbench.panel.markers.view in workbench.panel.markers
2024-10-05 22:06:01.454 [info] Added views:workbench.panel.output in workbench.panel.output
2024-10-05 22:06:01.454 [info] Added views:terminal in terminal
2024-10-05 22:06:01.454 [info] Added views:timeline in workbench.view.explorer
2024-10-05 22:06:01.454 [info] Added views:workbench.explorer.emptyView in workbench.view.explorer
2024-10-05 22:06:02.889 [info] Added views:workbench.debug.variablesView,workbench.debug.watchExpressionsView,workbench.debug.callStackView,workbench.debug.breakPointsView in workbench.view.debug
2024-10-05 22:06:03.550 [info] Added views:workbench.panel.repl.view in workbench.panel.repl
2024-10-05 22:06:03.553 [info] Removed views:workbench.debug.breakPointsView,workbench.debug.callStackView,workbench.debug.watchExpressionsView,workbench.debug.variablesView from workbench.view.debug
2024-10-05 22:06:03.554 [info] Added views:workbench.debug.welcome in workbench.view.debug
2024-10-05 22:06:04.066 [info] Added views:~remote.forwardedPorts in ~remote.forwardedPortsContainer
2024-10-05 22:07:12.900 [info] Added views:outline in workbench.view.explorer
2024-10-05 22:07:12.901 [info] Added views:workbench.view.search in workbench.view.search
2024-10-05 22:07:12.901 [info] Added views:workbench.scm in workbench.view.scm
2024-10-05 22:07:12.901 [info] Added views:workbench.panel.markers.view in workbench.panel.markers
2024-10-05 22:07:12.901 [info] Added views:workbench.panel.output in workbench.panel.output
2024-10-05 22:07:12.901 [info] Added views:terminal in terminal
2024-10-05 22:07:12.901 [info] Added views:timeline in workbench.view.explorer
2024-10-05 22:07:12.901 [info] Added views:workbench.explorer.fileView in workbench.view.explorer
2024-10-05 22:07:13.446 [info] Added views:workbench.debug.variablesView,workbench.debug.watchExpressionsView,workbench.debug.callStackView,workbench.debug.breakPointsView in workbench.view.debug
2024-10-05 22:07:14.668 [info] Added views:workbench.panel.repl.view in workbench.panel.repl
2024-10-05 22:07:14.673 [info] Removed views:workbench.debug.breakPointsView,workbench.debug.callStackView,workbench.debug.watchExpressionsView,workbench.debug.variablesView from workbench.view.debug
2024-10-05 22:07:14.676 [info] Added views:workbench.debug.welcome in workbench.view.debug
2024-10-05 22:07:14.797 [info] Added views:~remote.forwardedPorts in ~remote.forwardedPortsContainer
2024-10-05 22:07:32.956 [info] Added views:workbench.scm.history in workbench.view.scm
2024-10-05 22:34:00.126 [info] Removed views:workbench.scm.history from workbench.view.scm
