2024-10-05 22:06:04.188 [info] [main] Log level: Info
2024-10-05 22:06:04.188 [info] [main] Validating found git in: "git"
2024-10-05 22:06:04.188 [info] [main] Using git "2.43.0" from "git"
2024-10-05 22:06:04.188 [info] [Model][doInitialScan] Initial repository scan started
2024-10-05 22:06:04.188 [info] [Model][doInitialScan] Initial repository scan completed - repositories (0), closed repositories (0), parent repositories (0), unsafe repositories (0)
2024-10-05 22:07:32.923 [info] [main] Log level: Info
2024-10-05 22:07:32.923 [info] [main] Validating found git in: "git"
2024-10-05 22:07:32.923 [info] [main] Using git "2.43.0" from "git"
2024-10-05 22:07:32.923 [info] [Model][doInitialScan] Initial repository scan started
2024-10-05 22:07:32.923 [info] > git rev-parse --show-toplevel [12ms]
2024-10-05 22:07:32.932 [info] > git rev-parse --git-dir --git-common-dir [2ms]
2024-10-05 22:07:32.955 [info] [Model][openRepository] Opened repository: /home/taufiq/workspace/rust-tut
2024-10-05 22:07:32.984 [info] > git config --get commit.template [16ms]
2024-10-05 22:07:33.009 [info] > git rev-parse --show-toplevel [4ms]
2024-10-05 22:07:33.031 [info] > git for-each-ref --format=%(refname)%00%(upstream:short)%00%(objectname)%00%(upstream:track)%00%(upstream:remotename)%00%(upstream:remoteref) refs/heads/main refs/remotes/main [36ms]
2024-10-05 22:07:33.098 [info] > git rev-parse --show-toplevel [74ms]
2024-10-05 22:07:33.153 [info] > git rev-parse --show-toplevel [5ms]
2024-10-05 22:07:33.201 [info] > git for-each-ref --sort -committerdate --format %(refname) %(objectname) %(*objectname) [14ms]
2024-10-05 22:07:33.208 [info] > git rev-parse --show-toplevel [11ms]
2024-10-05 22:07:33.219 [info] > git status -z -uall [50ms]
2024-10-05 22:07:33.258 [info] > git for-each-ref --format=%(refname)%00%(upstream:short)%00%(objectname)%00%(upstream:track)%00%(upstream:remotename)%00%(upstream:remoteref) refs/heads/main refs/remotes/main [19ms]
2024-10-05 22:07:33.266 [info] > git rev-parse --show-toplevel [49ms]
2024-10-05 22:07:33.278 [info] > git config --local branch.main.vscode-merge-base [11ms]
2024-10-05 22:07:33.278 [warning] [Git][config] git config failed: Failed to execute git
2024-10-05 22:07:33.285 [info] > git config --get commit.template [29ms]
2024-10-05 22:07:33.286 [info] > git rev-parse --show-toplevel [10ms]
2024-10-05 22:07:33.369 [info] > git reflog main --grep-reflog=branch: Created from *. [85ms]
2024-10-05 22:07:33.458 [info] > git symbolic-ref --short refs/remotes/origin/HEAD [83ms]
2024-10-05 22:07:33.467 [info] > git rev-parse --show-toplevel [99ms]
2024-10-05 22:07:33.468 [info] > git for-each-ref --format=%(refname)%00%(upstream:short)%00%(objectname)%00%(upstream:track)%00%(upstream:remotename)%00%(upstream:remoteref) refs/heads/main refs/remotes/main [106ms]
2024-10-05 22:07:33.483 [info] > git for-each-ref --format=%(refname)%00%(upstream:short)%00%(objectname)%00%(upstream:track)%00%(upstream:remotename)%00%(upstream:remoteref) refs/heads/origin/main refs/remotes/origin/main [17ms]
2024-10-05 22:07:33.493 [info] > git rev-parse --show-toplevel [11ms]
2024-10-05 22:07:33.499 [info] > git config --local branch.main.vscode-merge-base origin/main [9ms]
2024-10-05 22:07:33.519 [info] > git rev-parse --show-toplevel [20ms]
2024-10-05 22:07:33.526 [info] > git config --get commit.template [8ms]
2024-10-05 22:07:33.526 [info] > git for-each-ref --format=%(refname)%00%(upstream:short)%00%(objectname)%00%(upstream:track)%00%(upstream:remotename)%00%(upstream:remoteref) refs/heads/main refs/remotes/main [18ms]
2024-10-05 22:07:33.535 [info] > git config --local branch.main.vscode-merge-base [3ms]
2024-10-05 22:07:33.542 [info] > git rev-parse --show-toplevel [16ms]
2024-10-05 22:07:33.563 [info] > git check-ignore -v -z --stdin [15ms]
2024-10-05 22:07:33.564 [info] > git for-each-ref --format=%(refname)%00%(upstream:short)%00%(objectname)%00%(upstream:track)%00%(upstream:remotename)%00%(upstream:remoteref) refs/heads/origin/main refs/remotes/origin/main [23ms]
2024-10-05 22:07:33.575 [info] > git merge-base refs/heads/main refs/remotes/origin/main [3ms]
2024-10-05 22:07:33.582 [info] > git rev-parse --show-toplevel [20ms]
2024-10-05 22:07:33.582 [info] > git for-each-ref --format=%(refname)%00%(upstream:short)%00%(objectname)%00%(upstream:track)%00%(upstream:remotename)%00%(upstream:remoteref) refs/heads/main refs/remotes/main [27ms]
2024-10-05 22:07:33.592 [info] > git diff --name-status -z --diff-filter=ADMR c98c6cee70be7708bc368578726c74f2dcc88f01...refs/remotes/origin/main [9ms]
2024-10-05 22:07:33.594 [info] > git rev-parse --show-toplevel [4ms]
2024-10-05 22:07:33.614 [info] > git status -z -uall [15ms]
2024-10-05 22:07:33.614 [info] > git for-each-ref --sort -committerdate --format %(refname) %(objectname) %(*objectname) [8ms]
2024-10-05 22:07:33.625 [info] > git rev-parse --show-toplevel [11ms]
2024-10-05 22:07:33.641 [info] > git rev-parse --show-toplevel [6ms]
2024-10-05 22:07:33.651 [info] > git rev-parse --show-toplevel [1ms]
2024-10-05 22:07:33.663 [info] > git rev-parse --show-toplevel [1ms]
2024-10-05 22:07:33.676 [info] > git rev-parse --show-toplevel [6ms]
2024-10-05 22:07:33.688 [info] > git rev-parse --show-toplevel [2ms]
2024-10-05 22:07:33.694 [info] [Model][doInitialScan] Initial repository scan completed - repositories (1), closed repositories (0), parent repositories (0), unsafe repositories (0)
2024-10-05 22:18:11.592 [info] > git log --format=%H%n%aN%n%aE%n%at%n%ct%n%P%n%D%n%B -z --shortstat --diff-merges=first-parent -n50 --skip=0 --topo-order --decorate=full --stdin [35ms]
2024-10-05 22:18:12.302 [info] > git check-ignore -v -z --stdin [4ms]
2024-10-05 22:18:27.071 [info] > git log --format=%H%n%aN%n%aE%n%at%n%ct%n%P%n%D%n%B -z --shortstat --diff-merges=first-parent -n50 --skip=0 --topo-order --decorate=full --stdin [9ms]
2024-10-05 22:18:29.705 [info] > git check-ignore -v -z --stdin [4ms]
2024-10-05 22:18:39.807 [info] > git check-ignore -v -z --stdin [2ms]
2024-10-05 22:18:42.358 [info] > git show --textconv HEAD:iter_liftoff/src/main.rs [12ms]
2024-10-05 22:18:42.362 [info] > git ls-tree -l HEAD -- /home/taufiq/workspace/rust-tut/iter_liftoff/src/main.rs [5ms]
2024-10-05 22:18:42.882 [info] > git check-ignore -v -z --stdin [4ms]
2024-10-05 22:18:52.977 [info] > git show --textconv HEAD:iter_loop_with_label/._target [12ms]
2024-10-05 22:18:52.981 [info] > git ls-tree -l HEAD -- /home/taufiq/workspace/rust-tut/iter_loop_with_label/._target [5ms]
2024-10-05 22:18:53.034 [info] > git ls-tree -l HEAD -- /home/taufiq/workspace/rust-tut/iter_loop_with_label/._target [2ms]
2024-10-05 22:19:03.097 [info] > git show --textconv HEAD:iter_loop_with_label/Cargo.toml [12ms]
2024-10-05 22:19:03.100 [info] > git ls-tree -l HEAD -- /home/taufiq/workspace/rust-tut/iter_loop_with_label/Cargo.toml [4ms]
2024-10-05 22:19:28.580 [info] > git show --textconv HEAD:iter_loop_with_label/src/main.rs [11ms]
2024-10-05 22:19:28.585 [info] > git ls-tree -l HEAD -- /home/taufiq/workspace/rust-tut/iter_loop_with_label/src/main.rs [6ms]
2024-10-05 22:19:29.093 [info] > git check-ignore -v -z --stdin [1ms]
2024-10-05 22:20:25.331 [info] > git show --textconv HEAD:iter_nested_while/Cargo.toml [17ms]
2024-10-05 22:20:25.331 [info] > git ls-tree -l HEAD -- /home/taufiq/workspace/rust-tut/iter_nested_while/Cargo.toml [2ms]
2024-10-05 22:20:32.730 [info] > git show --textconv HEAD:iter_while/src/main.rs [14ms]
2024-10-05 22:20:32.736 [info] > git ls-tree -l HEAD -- /home/taufiq/workspace/rust-tut/iter_while/src/main.rs [7ms]
2024-10-05 22:20:33.241 [info] > git check-ignore -v -z --stdin [2ms]
2024-10-05 22:22:44.659 [info] > git check-ignore -v -z --stdin [8ms]
2024-10-05 22:27:17.368 [info] > git ls-tree -l HEAD -- /home/taufiq/workspace/rust-tut/iter_while/src/main.rs [2ms]
2024-10-05 22:29:33.533 [info] > git check-ignore -v -z --stdin [1ms]
2024-10-05 22:29:35.390 [info] > git check-ignore -v -z --stdin [2ms]
2024-10-05 22:29:38.614 [info] > git show --textconv :iter_for_loop/src/main.rs [13ms]
2024-10-05 22:29:38.622 [info] > git ls-files --stage -- /home/taufiq/workspace/rust-tut/iter_for_loop/src/main.rs [7ms]
2024-10-05 22:30:03.065 [info] > git check-ignore -v -z --stdin [2ms]
2024-10-05 22:30:06.412 [info] > git ls-tree -l HEAD -- /home/taufiq/workspace/rust-tut/iter_loop_with_label/src/main.rs [8ms]
2024-10-05 22:30:07.211 [info] > git check-ignore -v -z --stdin [3ms]
2024-10-05 22:31:11.135 [info] > git check-ignore -v -z --stdin [6ms]
2024-10-05 22:32:52.406 [info] > git show --textconv :iter_for_loop/src/main.rs [8ms]
2024-10-05 22:32:52.408 [info] > git ls-files --stage -- /home/taufiq/workspace/rust-tut/iter_for_loop/src/main.rs [3ms]
