2024-10-05 22:34:22.898 [info] [main] Log level: Info
2024-10-05 22:34:22.898 [info] [main] Validating found git in: "git"
2024-10-05 22:34:22.898 [info] [main] Using git "2.43.0" from "git"
2024-10-05 22:34:22.898 [info] [Model][doInitialScan] Initial repository scan started
2024-10-05 22:34:22.898 [info] > git rev-parse --show-toplevel [104ms]
2024-10-05 22:34:22.898 [info] > git rev-parse --git-dir --git-common-dir [60ms]
2024-10-05 22:34:22.898 [info] [Model][openRepository] Opened repository: /home/taufiq/workspace/rust-tut
2024-10-05 22:34:22.898 [info] > git rev-parse --show-toplevel [14ms]
2024-10-05 22:34:22.898 [info] > git config --get commit.template [34ms]
2024-10-05 22:34:22.928 [info] > git for-each-ref --format=%(refname)%00%(upstream:short)%00%(objectname)%00%(upstream:track)%00%(upstream:remotename)%00%(upstream:remoteref) refs/heads/main refs/remotes/main [6ms]
2024-10-05 22:34:22.978 [info] > git status -z -uall [31ms]
2024-10-05 22:34:22.980 [info] > git for-each-ref --sort -committerdate --format %(refname) %(objectname) %(*objectname) [13ms]
2024-10-05 22:34:23.027 [info] > git for-each-ref --format=%(refname)%00%(upstream:short)%00%(objectname)%00%(upstream:track)%00%(upstream:remotename)%00%(upstream:remoteref) refs/heads/main refs/remotes/main [17ms]
2024-10-05 22:34:23.041 [info] > git config --get commit.template [15ms]
2024-10-05 22:34:23.048 [info] > git config --local branch.main.vscode-merge-base [9ms]
2024-10-05 22:34:23.142 [info] > git for-each-ref --format=%(refname)%00%(upstream:short)%00%(objectname)%00%(upstream:track)%00%(upstream:remotename)%00%(upstream:remoteref) refs/heads/origin/main refs/remotes/origin/main [84ms]
2024-10-05 22:34:23.220 [info] > git merge-base refs/heads/main refs/remotes/origin/main [69ms]
2024-10-05 22:34:23.227 [info] > git for-each-ref --format=%(refname)%00%(upstream:short)%00%(objectname)%00%(upstream:track)%00%(upstream:remotename)%00%(upstream:remoteref) refs/heads/main refs/remotes/main [86ms]
2024-10-05 22:34:23.229 [info] > git rev-parse --show-toplevel [19ms]
2024-10-05 22:34:23.230 [info] > git diff --name-status -z --diff-filter=ADMR c98c6cee70be7708bc368578726c74f2dcc88f01...refs/remotes/origin/main [3ms]
2024-10-05 22:34:23.276 [info] > git status -z -uall [21ms]
2024-10-05 22:34:23.276 [info] > git rev-parse --show-toplevel [36ms]
2024-10-05 22:34:23.304 [info] > git for-each-ref --sort -committerdate --format %(refname) %(objectname) %(*objectname) [32ms]
2024-10-05 22:34:23.317 [info] > git rev-parse --show-toplevel [17ms]
2024-10-05 22:34:23.341 [info] > git rev-parse --show-toplevel [9ms]
2024-10-05 22:34:23.357 [info] > git rev-parse --show-toplevel [4ms]
2024-10-05 22:34:23.367 [info] > git rev-parse --show-toplevel [2ms]
2024-10-05 22:34:23.381 [info] > git rev-parse --show-toplevel [5ms]
2024-10-05 22:34:23.390 [info] > git rev-parse --show-toplevel [2ms]
2024-10-05 22:34:23.404 [info] > git rev-parse --show-toplevel [7ms]
2024-10-05 22:34:23.429 [info] > git rev-parse --show-toplevel [14ms]
2024-10-05 22:34:23.468 [info] > git rev-parse --show-toplevel [5ms]
2024-10-05 22:34:23.488 [info] > git rev-parse --show-toplevel [2ms]
2024-10-05 22:34:23.503 [info] > git rev-parse --show-toplevel [3ms]
2024-10-05 22:34:23.538 [info] > git check-ignore -v -z --stdin [3ms]
2024-10-05 22:34:23.539 [info] > git rev-parse --show-toplevel [14ms]
2024-10-05 22:34:23.549 [info] > git rev-parse --show-toplevel [2ms]
2024-10-05 22:34:23.560 [info] > git rev-parse --show-toplevel [3ms]
2024-10-05 22:34:23.570 [info] > git rev-parse --show-toplevel [1ms]
2024-10-05 22:34:23.579 [info] > git rev-parse --show-toplevel [1ms]
2024-10-05 22:34:23.580 [info] [Model][doInitialScan] Initial repository scan completed - repositories (1), closed repositories (0), parent repositories (0), unsafe repositories (0)
2024-10-05 22:34:23.602 [info] > git show --textconv :iter_for_loop/src/main.rs [13ms]
2024-10-05 22:34:23.606 [info] > git ls-files --stage -- /home/taufiq/workspace/rust-tut/iter_for_loop/src/main.rs [5ms]
2024-10-05 22:35:19.428 [info] > git check-ignore -v -z --stdin [5ms]
2024-10-05 22:35:54.932 [info] > git check-ignore -v -z --stdin [2ms]
2024-10-05 22:36:01.265 [info] > git check-ignore -v -z --stdin [2ms]
2024-10-05 22:36:05.258 [info] > git check-ignore -v -z --stdin [2ms]
2024-10-05 22:36:08.807 [info] > git check-ignore -v -z --stdin [3ms]
2024-10-05 22:36:10.060 [info] > git check-ignore -v -z --stdin [5ms]
2024-10-05 22:36:12.414 [info] > git show --textconv :misc/buf_reader.rs [9ms]
2024-10-05 22:36:12.416 [info] > git ls-files --stage -- /home/taufiq/workspace/rust-tut/misc/buf_reader.rs [4ms]
2024-10-05 22:37:34.931 [info] > git show --textconv :iter_for_loop/src/main.rs [9ms]
2024-10-05 22:37:34.933 [info] > git ls-files --stage -- /home/taufiq/workspace/rust-tut/iter_for_loop/src/main.rs [3ms]
2024-10-05 22:37:36.815 [info] > git show --textconv :misc/buf_reader.rs [9ms]
2024-10-05 22:37:36.817 [info] > git ls-files --stage -- /home/taufiq/workspace/rust-tut/misc/buf_reader.rs [3ms]
2024-10-05 22:37:39.181 [info] > git check-ignore -v -z --stdin [4ms]
2024-10-05 22:37:48.007 [info] > git log --format=%H%n%aN%n%aE%n%at%n%ct%n%P%n%D%n%B -z --shortstat --diff-merges=first-parent -n50 --skip=0 --topo-order --decorate=full --stdin [8ms]
2024-10-05 22:39:00.446 [info] > git show --textconv HEAD:guessing_game/src/main.rs [11ms]
2024-10-05 22:39:00.448 [info] > git ls-tree -l HEAD -- /home/taufiq/workspace/rust-tut/guessing_game/src/main.rs [3ms]
2024-10-05 22:39:08.676 [info] > git check-ignore -v -z --stdin [3ms]
2024-10-05 22:40:32.598 [info] > git ls-tree -l HEAD -- /home/taufiq/workspace/rust-tut/guessing_game/src/main.rs [2ms]
2024-10-05 22:42:20.910 [info] > git ls-tree -l HEAD -- /home/taufiq/workspace/rust-tut/guessing_game/src/main.rs [2ms]
